<?xml version="1.0" encoding="UTF-8"?>
<!-- Generated by org.testng.reporters.JUnitXMLReporter -->
<testsuite ignored="0" hostname="XTEN-AV_1" failures="0" tests="2" name="Default test" time="2.837" errors="0" timestamp="2025-09-07T17:15:14 IST">
  <testcase classname="api.fileUploadAndDownload.fileUploadAndDownload" name="testSingleFileUpload" time="2.715"/>
  <testcase classname="api.fileUploadAndDownload.fileUploadAndDownload" name="testFileDownload" time="0.045"/>
</testsuite> <!-- Default test -->
