<?xml version="1.0" encoding="UTF-8"?>
<!-- Generated by org.testng.reporters.JUnitXMLReporter -->
<testsuite ignored="0" hostname="XTEN-AV_1" failures="0" tests="4" name="Default test" time="12.023" errors="0" timestamp="2025-08-29T18:04:13 IST">
  <testcase classname="api.tests.StudentsTest" name="testCreateStudent" time="2.576"/>
  <testcase classname="api.tests.StudentsTest" name="testGetStudentById" time="0.929"/>
  <testcase classname="api.tests.StudentsTest" name="testUpdateStudent" time="0.039"/>
  <testcase classname="api.tests.StudentsTest" name="testDeleteStudent" time="0.069"/>
</testsuite> <!-- Default test -->
