<?xml version="1.0" encoding="UTF-8"?>
<!-- Generated by org.testng.reporters.JUnitXMLReporter -->
<testsuite ignored="0" hostname="CHUTNEYYs-LAPTOP" failures="0" tests="4" name="Test" time="14.065" errors="0" timestamp="2025-09-15T23:06:27 IST">
  <testcase classname="api.tests.StudentsTest" name="testCreateStudent" time="7.783"/>
  <testcase classname="api.tests.StudentsTest" name="testGetStudentById" time="0.233"/>
  <testcase classname="api.tests.StudentsTest" name="testUpdateStudent" time="0.095"/>
  <testcase classname="api.tests.StudentsTest" name="testDeleteStudent" time="0.04"/>
</testsuite> <!-- Test -->
