<?xml version="1.0" encoding="UTF-8"?>
<!-- Generated by org.testng.reporters.JUnitXMLReporter -->
<testsuite ignored="0" hostname="XTEN-AV_1" failures="0" tests="4" name="Test" time="9.183" errors="0" timestamp="2025-09-21T14:15:42 IST">
  <testcase classname="api.tests.StudentsTest" name="testCreateStudent" time="2.928"/>
  <testcase classname="api.tests.StudentsTest" name="testGetStudentById" time="0.044"/>
  <testcase classname="api.tests.StudentsTest" name="testUpdateStudent" time="0.017"/>
  <testcase classname="api.tests.StudentsTest" name="testDeleteStudent" time="0.02"/>
</testsuite> <!-- Test -->
