<?xml version="1.0" encoding="UTF-8"?>
<testng-results ignored="0" total="4" passed="4" failed="0" skipped="0">
  <reporter-output>
  </reporter-output>
  <suite started-at="2025-09-15T23:06:12 IST" name="Suite" finished-at="2025-09-15T23:06:26 IST" duration-ms="14065">
    <groups>
    </groups>
    <test started-at="2025-09-15T23:06:12 IST" name="Test" finished-at="2025-09-15T23:06:26 IST" duration-ms="14065">
      <class name="api.tests.StudentsTest">
        <test-method is-config="true" signature="setupData()[pri:0, instance:api.tests.StudentsTest@3c41ed1d]" started-at="2025-09-15T23:06:13 IST" name="setupData" finished-at="2025-09-15T23:06:14 IST" duration-ms="748" status="PASS">
          <reporter-output>
          </reporter-output>
        </test-method> <!-- setupData -->
        <test-method is-config="true" signature="delay()[pri:0, instance:api.tests.StudentsTest@3c41ed1d]" started-at="2025-09-15T23:06:14 IST" name="delay" finished-at="2025-09-15T23:06:15 IST" duration-ms="1012" status="PASS">
          <reporter-output>
          </reporter-output>
        </test-method> <!-- delay -->
        <test-method signature="testCreateStudent()[pri:1, instance:api.tests.StudentsTest@3c41ed1d]" started-at="2025-09-15T23:06:15 IST" name="testCreateStudent" finished-at="2025-09-15T23:06:23 IST" duration-ms="7783" status="PASS">
          <reporter-output>
          </reporter-output>
        </test-method> <!-- testCreateStudent -->
        <test-method is-config="true" signature="delay()[pri:0, instance:api.tests.StudentsTest@3c41ed1d]" started-at="2025-09-15T23:06:23 IST" name="delay" finished-at="2025-09-15T23:06:24 IST" duration-ms="1017" status="PASS">
          <reporter-output>
          </reporter-output>
        </test-method> <!-- delay -->
        <test-method signature="testGetStudentById()[pri:2, instance:api.tests.StudentsTest@3c41ed1d]" started-at="2025-09-15T23:06:24 IST" name="testGetStudentById" finished-at="2025-09-15T23:06:24 IST" depends-on-methods="api.tests.StudentsTest.testCreateStudent" duration-ms="233" status="PASS">
          <reporter-output>
          </reporter-output>
        </test-method> <!-- testGetStudentById -->
        <test-method is-config="true" signature="delay()[pri:0, instance:api.tests.StudentsTest@3c41ed1d]" started-at="2025-09-15T23:06:24 IST" name="delay" finished-at="2025-09-15T23:06:25 IST" duration-ms="1010" status="PASS">
          <reporter-output>
          </reporter-output>
        </test-method> <!-- delay -->
        <test-method signature="testUpdateStudent()[pri:3, instance:api.tests.StudentsTest@3c41ed1d]" started-at="2025-09-15T23:06:25 IST" name="testUpdateStudent" finished-at="2025-09-15T23:06:25 IST" depends-on-methods="api.tests.StudentsTest.testCreateStudent" duration-ms="95" status="PASS">
          <reporter-output>
          </reporter-output>
        </test-method> <!-- testUpdateStudent -->
        <test-method is-config="true" signature="delay()[pri:0, instance:api.tests.StudentsTest@3c41ed1d]" started-at="2025-09-15T23:06:25 IST" name="delay" finished-at="2025-09-15T23:06:26 IST" duration-ms="1011" status="PASS">
          <reporter-output>
          </reporter-output>
        </test-method> <!-- delay -->
        <test-method signature="testDeleteStudent()[pri:4, instance:api.tests.StudentsTest@3c41ed1d]" started-at="2025-09-15T23:06:26 IST" name="testDeleteStudent" finished-at="2025-09-15T23:06:26 IST" depends-on-methods="api.tests.StudentsTest.testCreateStudent" duration-ms="40" status="PASS">
          <reporter-output>
          </reporter-output>
        </test-method> <!-- testDeleteStudent -->
      </class> <!-- api.tests.StudentsTest -->
    </test> <!-- Test -->
  </suite> <!-- Suite -->
</testng-results>
